<?xml version="1.0" encoding="UTF-8"?>
<testsuite name="com.maximum.MaxTest" tests="1" skipped="0" failures="0" errors="0" timestamp="2021-01-07T06:29:48" hostname="DESKTOP-BLCU99U" time="0.015">
  <properties/>
  <testcase name="givenIntegerMaxNumberAtFirstPosition_ReturnMaximumValueSame" classname="com.maximum.MaxTest" time="0.015"/>
  <system-out><![CDATA[Max of 9, 8, 3 and 2 is 9
]]></system-out>
  <system-err><![CDATA[]]></system-err>
</testsuite>
