<?xml version="1.0" encoding="UTF-8"?>
<testsuite name="com.maximum.MaxTest" tests="1" skipped="0" failures="0" errors="0" timestamp="2021-01-07T01:49:18" hostname="DESKTOP-BLCU99U" time="0.004">
  <properties/>
  <testcase name="givenStringMaxNumberAtFirstPosition_ReturnMaximumValueSame" classname="com.maximum.MaxTest" time="0.004"/>
  <system-out><![CDATA[]]></system-out>
  <system-err><![CDATA[]]></system-err>
</testsuite>
